{"/home/phil/GIT/solar-system-lab/app.js":{"path":"/home/phil/GIT/solar-system-lab/app.js","statementMap":{"0":{"start":{"line":1,"column":13},"end":{"line":1,"column":28}},"1":{"start":{"line":2,"column":16},"end":{"line":2,"column":34}},"2":{"start":{"line":3,"column":11},"end":{"line":3,"column":24}},"3":{"start":{"line":4,"column":19},"end":{"line":4,"column":41}},"4":{"start":{"line":5,"column":17},"end":{"line":5,"column":36}},"5":{"start":{"line":6,"column":12},"end":{"line":6,"column":21}},"6":{"start":{"line":7,"column":13},"end":{"line":7,"column":28}},"7":{"start":{"line":10,"column":0},"end":{"line":10,"column":27}},"8":{"start":{"line":11,"column":0},"end":{"line":11,"column":51}},"9":{"start":{"line":12,"column":0},"end":{"line":12,"column":15}},"10":{"start":{"line":14,"column":0},"end":{"line":25,"column":2}},"11":{"start":{"line":20,"column":4},"end":{"line":24,"column":5}},"12":{"start":{"line":21,"column":8},"end":{"line":21,"column":37}},"13":{"start":{"line":27,"column":13},"end":{"line":27,"column":28}},"14":{"start":{"line":29,"column":17},"end":{"line":36,"column":2}},"15":{"start":{"line":37,"column":18},"end":{"line":37,"column":55}},"16":{"start":{"line":41,"column":0},"end":{"line":53,"column":2}},"17":{"start":{"line":43,"column":4},"end":{"line":52,"column":6}},"18":{"start":{"line":46,"column":8},"end":{"line":51,"column":9}},"19":{"start":{"line":47,"column":12},"end":{"line":47,"column":88}},"20":{"start":{"line":48,"column":12},"end":{"line":48,"column":44}},"21":{"start":{"line":50,"column":12},"end":{"line":50,"column":33}},"22":{"start":{"line":55,"column":0},"end":{"line":57,"column":3}},"23":{"start":{"line":56,"column":4},"end":{"line":56,"column":58}},"24":{"start":{"line":60,"column":0},"end":{"line":66,"column":2}},"25":{"start":{"line":61,"column":4},"end":{"line":61,"column":54}},"26":{"start":{"line":62,"column":4},"end":{"line":65,"column":7}},"27":{"start":{"line":68,"column":0},"end":{"line":73,"column":2}},"28":{"start":{"line":69,"column":4},"end":{"line":69,"column":54}},"29":{"start":{"line":70,"column":4},"end":{"line":72,"column":7}},"30":{"start":{"line":75,"column":0},"end":{"line":80,"column":2}},"31":{"start":{"line":76,"column":4},"end":{"line":76,"column":54}},"32":{"start":{"line":77,"column":4},"end":{"line":79,"column":7}},"33":{"start":{"line":82,"column":0},"end":{"line":84,"column":2}},"34":{"start":{"line":83,"column":4},"end":{"line":83,"column":64}},"35":{"start":{"line":87,"column":0},"end":{"line":87,"column":21}}},"fnMap":{"0":{"name":"(anonymous_0)","decl":{"start":{"line":19,"column":3},"end":{"line":19,"column":4}},"loc":{"start":{"line":19,"column":17},"end":{"line":25,"column":1}},"line":19},"1":{"name":"(anonymous_1)","decl":{"start":{"line":41,"column":22},"end":{"line":41,"column":23}},"loc":{"start":{"line":41,"column":41},"end":{"line":53,"column":1}},"line":41},"2":{"name":"(anonymous_2)","decl":{"start":{"line":45,"column":7},"end":{"line":45,"column":8}},"loc":{"start":{"line":45,"column":33},"end":{"line":52,"column":5}},"line":45},"3":{"name":"(anonymous_3)","decl":{"start":{"line":55,"column":15},"end":{"line":55,"column":16}},"loc":{"start":{"line":55,"column":35},"end":{"line":57,"column":1}},"line":55},"4":{"name":"(anonymous_4)","decl":{"start":{"line":60,"column":17},"end":{"line":60,"column":18}},"loc":{"start":{"line":60,"column":36},"end":{"line":66,"column":1}},"line":60},"5":{"name":"(anonymous_5)","decl":{"start":{"line":68,"column":19},"end":{"line":68,"column":20}},"loc":{"start":{"line":68,"column":38},"end":{"line":73,"column":1}},"line":68},"6":{"name":"(anonymous_6)","decl":{"start":{"line":75,"column":20},"end":{"line":75,"column":21}},"loc":{"start":{"line":75,"column":39},"end":{"line":80,"column":1}},"line":75},"7":{"name":"(anonymous_7)","decl":{"start":{"line":82,"column":17},"end":{"line":82,"column":18}},"loc":{"start":{"line":82,"column":23},"end":{"line":84,"column":1}},"line":82}},"branchMap":{"0":{"loc":{"start":{"line":20,"column":4},"end":{"line":24,"column":5}},"type":"if","locations":[{"start":{"line":20,"column":4},"end":{"line":24,"column":5}},{"start":{"line":20,"column":4},"end":{"line":24,"column":5}}],"line":20},"1":{"loc":{"start":{"line":46,"column":8},"end":{"line":51,"column":9}},"type":"if","locations":[{"start":{"line":46,"column":8},"end":{"line":51,"column":9}},{"start":{"line":46,"column":8},"end":{"line":51,"column":9}}],"line":46}},"s":{"0":1,"1":1,"2":1,"3":1,"4":1,"5":1,"6":1,"7":1,"8":1,"9":1,"10":1,"11":1,"12":0,"13":1,"14":1,"15":1,"16":1,"17":8,"18":8,"19":0,"20":0,"21":8,"22":1,"23":0,"24":1,"25":1,"26":1,"27":1,"28":1,"29":1,"30":1,"31":1,"32":1,"33":1,"34":1,"35":1},"f":{"0":1,"1":8,"2":8,"3":0,"4":1,"5":1,"6":1,"7":1},"b":{"0":[0,1],"1":[0,8]},"_coverageSchema":"1a1c01bbd47fc00a2c39e90264f33305004495a9","hash":"667ccd47f495212bc633b2a9b74de6e173c1e8b6","contentHash":"bb4f3ea78df3f9c11d032fe79d673922b23ab6f8aafeb3307623a85b0237716e"}}